0001  | 0.000000e+00 | 5.000000e-02 |     NaN     NaN
0002  | 5.000000e-03 | 5.000000e-02 |     NaN     NaN
0003  | 1.000000e-02 | 5.000000e-02 |     NaN     NaN
0004  | 1.500000e-02 | 5.000000e-02 |     NaN     NaN
0005  | 2.000000e-02 | 5.000000e-02 |  0.1140  0.0510
0006  | 2.500000e-02 | 5.000000e-02 |  0.2510  0.0530
0007  | 3.000000e-02 | 5.000000e-02 |  0.3640  0.0540
0008  | 3.500000e-02 | 5.000000e-02 |  0.4750  0.0560
0009  | 0.000000e+00 | 1.000000e-01 |  0.0230  0.0660
0010  | 5.000000e-03 | 1.000000e-01 |  0.0240  0.0680
0011  | 1.000000e-02 | 1.000000e-01 |  0.0240  0.0690
0012  | 1.500000e-02 | 1.000000e-01 |  0.0240  0.0710
0013  | 2.000000e-02 | 1.000000e-01 |  0.0440  0.1100
0014  | 2.500000e-02 | 1.000000e-01 |  0.2350  0.1070
0015  | 3.000000e-02 | 1.000000e-01 |  0.3540  0.1100
0016  | 3.500000e-02 | 1.000000e-01 |  0.4680  0.1130
0017  | 0.000000e+00 | 1.500000e-01 |     NaN     NaN
0018  | 5.000000e-03 | 1.500000e-01 |     NaN     NaN
0019  | 1.000000e-02 | 1.500000e-01 |  0.0350  0.0760
0020  | 1.500000e-02 | 1.500000e-01 |  0.0380  0.0790
0021  | 2.000000e-02 | 1.500000e-01 |     NaN     NaN
0022  | 2.500000e-02 | 1.500000e-01 |  0.2060  0.1650
0023  | 3.000000e-02 | 1.500000e-01 |  0.3370  0.1660
0024  | 3.500000e-02 | 1.500000e-01 |  0.4550  0.1690
0025  | 0.000000e+00 | 2.000000e-01 |     NaN     NaN
0026  | 5.000000e-03 | 2.000000e-01 |     NaN     NaN
0027  | 1.000000e-02 | 2.000000e-01 |     NaN     NaN
0028  | 1.500000e-02 | 2.000000e-01 |  0.0450  0.0890
0029  | 2.000000e-02 | 2.000000e-01 |  0.0500  0.0940
0030  | 2.500000e-02 | 2.000000e-01 |  0.1690  0.2330
0031  | 3.000000e-02 | 2.000000e-01 |  0.3140  0.2240
0032  | 3.500000e-02 | 2.000000e-01 |  0.4390  0.2260
0033  | 0.000000e+00 | 2.500000e-01 |     NaN     NaN
0034  | 5.000000e-03 | 2.500000e-01 |     NaN     NaN
0035  | 1.000000e-02 | 2.500000e-01 |     NaN     NaN
0036  | 1.500000e-02 | 2.500000e-01 |     NaN     NaN
0037  | 2.000000e-02 | 2.500000e-01 |  0.0540  0.1100
0038  | 2.500000e-02 | 2.500000e-01 |  0.1390  0.3070
0039  | 3.000000e-02 | 2.500000e-01 |  0.2910  0.2850
0040  | 3.500000e-02 | 2.500000e-01 |  0.4220  0.2830
0041  | 0.000000e+00 | 3.000000e-01 |     NaN     NaN
0042  | 5.000000e-03 | 3.000000e-01 |     NaN     NaN
0043  | 1.000000e-02 | 3.000000e-01 |     NaN     NaN
0044  | 1.500000e-02 | 3.000000e-01 |  0.0650  0.1660
0045  | 2.000000e-02 | 3.000000e-01 |     NaN     NaN
0046  | 2.500000e-02 | 3.000000e-01 |  0.1100  0.3730
0047  | 3.000000e-02 | 3.000000e-01 |  0.2720  0.3450
0048  | 3.500000e-02 | 3.000000e-01 |  0.4050  0.3390
0049  | 0.000000e+00 | 3.500000e-01 |     NaN     NaN
0050  | 5.000000e-03 | 3.500000e-01 |     NaN     NaN
0051  | 1.000000e-02 | 3.500000e-01 |     NaN     NaN
0052  | 1.500000e-02 | 3.500000e-01 |     NaN     NaN
0053  | 2.000000e-02 | 3.500000e-01 |     NaN     NaN
0054  | 2.500000e-02 | 3.500000e-01 |  0.0740  0.4650
0055  | 3.000000e-02 | 3.500000e-01 |  0.2570  0.4020
0056  | 3.500000e-02 | 3.500000e-01 |  0.3900  0.3930
0057  | 0.000000e+00 | 4.000000e-01 |     NaN     NaN
0058  | 5.000000e-03 | 4.000000e-01 |  0.0740  0.2680
0059  | 1.000000e-02 | 4.000000e-01 |     NaN     NaN
0060  | 1.500000e-02 | 4.000000e-01 |     NaN     NaN
0061  | 2.000000e-02 | 4.000000e-01 |     NaN     NaN
0062  | 2.500000e-02 | 4.000000e-01 |  0.0870  0.5380
0063  | 3.000000e-02 | 4.000000e-01 |  0.2450  0.4530
0064  | 3.500000e-02 | 4.000000e-01 |  0.3780  0.4440
0065  | 0.000000e+00 | 4.500000e-01 |  0.0840  0.2330
0066  | 5.000000e-03 | 4.500000e-01 |     NaN     NaN
0067  | 1.000000e-02 | 4.500000e-01 |     NaN     NaN
0068  | 1.500000e-02 | 4.500000e-01 |     NaN     NaN
0069  | 2.000000e-02 | 4.500000e-01 |  0.0930  0.3090
0070  | 2.500000e-02 | 4.500000e-01 |  0.0950  0.5860
0071  | 3.000000e-02 | 4.500000e-01 |  0.2370  0.5000
0072  | 3.500000e-02 | 4.500000e-01 |  0.3690  0.4900
0073  | 0.000000e+00 | 5.000000e-01 |  0.0980  0.2540
0074  | 5.000000e-03 | 5.000000e-01 |  0.0870  0.2550
0075  | 1.000000e-02 | 5.000000e-01 |     NaN     NaN
0076  | 1.500000e-02 | 5.000000e-01 |  0.0940  0.3080
0077  | 2.000000e-02 | 5.000000e-01 |  0.1020  0.3260
0078  | 2.500000e-02 | 5.000000e-01 |     NaN     NaN
0079  | 3.000000e-02 | 5.000000e-01 |  0.2330  0.5440
0080  | 3.500000e-02 | 5.000000e-01 |  0.3620  0.5320
0081  | 0.000000e+00 | 5.500000e-01 |  0.1090  0.2750
0082  | 5.000000e-03 | 5.500000e-01 |  0.1010  0.2800
0083  | 1.000000e-02 | 5.500000e-01 |  0.0980  0.2920
0084  | 1.500000e-02 | 5.500000e-01 |  0.1030  0.3190
0085  | 2.000000e-02 | 5.500000e-01 |  0.1100  0.3450
0086  | 2.500000e-02 | 5.500000e-01 |     NaN     NaN
0087  | 3.000000e-02 | 5.500000e-01 |  0.2330  0.5830
0088  | 3.500000e-02 | 5.500000e-01 |  0.3560  0.5700
0089  | 0.000000e+00 | 6.000000e-01 |  0.1200  0.2990
0090  | 5.000000e-03 | 6.000000e-01 |  0.1130  0.3050
0091  | 1.000000e-02 | 6.000000e-01 |  0.1140  0.3150
0092  | 1.500000e-02 | 6.000000e-01 |  0.1160  0.3360
0093  | 2.000000e-02 | 6.000000e-01 |  0.1190  0.3640
0094  | 2.500000e-02 | 6.000000e-01 |     NaN     NaN
0095  | 3.000000e-02 | 6.000000e-01 |  0.2360  0.6180
0096  | 3.500000e-02 | 6.000000e-01 |  0.3520  0.6050
0097  | 0.000000e+00 | 6.500000e-01 |  0.1320  0.3210
0098  | 5.000000e-03 | 6.500000e-01 |  0.1270  0.3280
0099  | 1.000000e-02 | 6.500000e-01 |  0.1270  0.3380
0100  | 1.500000e-02 | 6.500000e-01 |  0.1290  0.3560
0101  | 2.000000e-02 | 6.500000e-01 |  0.1280  0.3830
0102  | 2.500000e-02 | 6.500000e-01 |     NaN     NaN
0103  | 3.000000e-02 | 6.500000e-01 |  0.2410  0.6500
0104  | 3.500000e-02 | 6.500000e-01 |  0.3480  0.6370
0105  | 0.000000e+00 | 7.000000e-01 |  0.1420  0.3440
0106  | 5.000000e-03 | 7.000000e-01 |  0.1390  0.3500
0107  | 1.000000e-02 | 7.000000e-01 |  0.1400  0.3590
0108  | 1.500000e-02 | 7.000000e-01 |  0.1390  0.3760
0109  | 2.000000e-02 | 7.000000e-01 |  0.1350  0.4010
0110  | 2.500000e-02 | 7.000000e-01 |     NaN     NaN
0111  | 3.000000e-02 | 7.000000e-01 |  0.2460  0.6790
0112  | 3.500000e-02 | 7.000000e-01 |  0.3440  0.6660
0113  | 0.000000e+00 | 7.500000e-01 |  0.1510  0.3680
0114  | 5.000000e-03 | 7.500000e-01 |  0.1480  0.3710
0115  | 1.000000e-02 | 7.500000e-01 |  0.1490  0.3800
0116  | 1.500000e-02 | 7.500000e-01 |  0.1470  0.3950
0117  | 2.000000e-02 | 7.500000e-01 |  0.1400  0.4190
0118  | 2.500000e-02 | 7.500000e-01 |  0.1270  0.7380
0119  | 3.000000e-02 | 7.500000e-01 |  0.2510  0.7060
0120  | 3.500000e-02 | 7.500000e-01 |  0.3410  0.6930
0121  | 0.000000e+00 | 8.000000e-01 |  0.1600  0.3910
0122  | 5.000000e-03 | 8.000000e-01 |  0.1560  0.3920
0123  | 1.000000e-02 | 8.000000e-01 |  0.1570  0.4000
0124  | 1.500000e-02 | 8.000000e-01 |  0.1540  0.4140
0125  | 2.000000e-02 | 8.000000e-01 |  0.1430  0.4350
0126  | 2.500000e-02 | 8.000000e-01 |  0.1270  0.7620
0127  | 3.000000e-02 | 8.000000e-01 |  0.2540  0.7320
0128  | 3.500000e-02 | 8.000000e-01 |  0.3370  0.7190
